[2025-12-16  10:01:13] INFO main/main Icecast 2.4.4 server started
[2025-12-16  10:01:13] INFO yp/yp_update_thread YP update thread started
[2025-12-16  10:01:13] INFO connection/get_ssl_certificate No SSL capability on any configured ports
[2025-12-16  10:01:20] INFO connection/_handle_source_request Source logging in at mountpoint "/stream.mp3" from 127.0.0.1
[2025-12-16  10:01:20] WARN format/format_get_type Unsupported or legacy stream type: "audio/mpeg". Falling back to generic minimal handler for best effort.
[2025-12-16  10:01:20] INFO source/source_main listener count on /stream.mp3 now 0
[2025-12-16  10:01:23] INFO source/source_main listener count on /stream.mp3 now 1
[2025-12-16  10:08:17] INFO main/main Icecast 2.4.4 server started
[2025-12-16  10:08:17] INFO yp/yp_update_thread YP update thread started
[2025-12-16  10:08:17] INFO connection/get_ssl_certificate No SSL capability on any configured ports
[2025-12-16  10:08:25] INFO connection/_handle_source_request Source logging in at mountpoint "/stream.mp3" from 127.0.0.1
[2025-12-16  10:08:25] WARN format/format_get_type Unsupported or legacy stream type: "audio/mpeg". Falling back to generic minimal handler for best effort.
[2025-12-16  10:08:25] INFO source/source_main listener count on /stream.mp3 now 0
[2025-12-16  10:08:27] INFO source/source_main listener count on /stream.mp3 now 1
[2025-12-16  10:12:25] INFO main/main Icecast 2.4.4 server started
[2025-12-16  10:12:25] INFO yp/yp_update_thread YP update thread started
[2025-12-16  10:12:25] INFO connection/get_ssl_certificate No SSL capability on any configured ports
[2025-12-16  10:12:32] INFO connection/_handle_source_request Source logging in at mountpoint "/stream.mp3" from 127.0.0.1
[2025-12-16  10:12:32] WARN format/format_get_type Unsupported or legacy stream type: "audio/mpeg". Falling back to generic minimal handler for best effort.
[2025-12-16  10:12:32] INFO source/source_main listener count on /stream.mp3 now 0
[2025-12-16  10:12:35] INFO source/source_main listener count on /stream.mp3 now 1
[2025-12-16  10:13:26] INFO fserve/fserve_client_create checking for file / (/usr/share/icecast2/web/)
[2025-12-16  10:13:26] WARN fserve/fserve_client_create found requested file but there is no handler for it: /usr/share/icecast2/web/
[2025-12-16  10:13:27] INFO fserve/fserve_client_create checking for file /favicon.ico (/usr/share/icecast2/web/favicon.ico)
[2025-12-16  10:13:27] WARN fserve/fserve_client_create req for file "/usr/share/icecast2/web/favicon.ico" No such file or directory
[2025-12-16  10:13:35] INFO fserve/fserve_client_create checking for file / (/usr/share/icecast2/web/)
[2025-12-16  10:13:35] WARN fserve/fserve_client_create found requested file but there is no handler for it: /usr/share/icecast2/web/
[2025-12-16  10:14:11] INFO fserve/fserve_client_create checking for file / (/usr/share/icecast2/web/)
[2025-12-16  10:14:11] WARN fserve/fserve_client_create found requested file but there is no handler for it: /usr/share/icecast2/web/
